<?xml version="1.0" encoding="UTF-8"?>
<!-- Generated by org.testng.reporters.JUnitXMLReporter -->
<testsuite ignored="0" hostname="DESKTOP-FQ85KJ8" failures="0" tests="3" name="Default test" time="4.227" errors="0" timestamp="2024-02-05T15:03:05 IST">
  <testcase classname="classDemo.PutPatchDeleteTest" name="DeleteTest" time="2.071"/>
  <testcase classname="classDemo.PutPatchDeleteTest" name="PatchTest" time="1.532"/>
  <testcase classname="classDemo.PutPatchDeleteTest" name="PutTest" time="0.532"/>
</testsuite> <!-- Default test -->
